<?xml version='1.0' encoding='UTF-8'?>
<!--Camera Register Settings-->
<resSettings>
  <regSetting>
    <registerAddr>0x103</registerAddr>
    <registerData>0x01</registerData>
    <regAddrType range="[1,4]">2</regAddrType>
    <regDataType range="[1,4]">1</regDataType>
    <operation>WRITE</operation>
    <delayUs>0</delayUs>
  </regSetting>
  <regSetting>
    <registerAddr>0x302</registerAddr>
    <registerData>0x32</registerData>
    <regAddrType range="[1,4]">2</regAddrType>
    <regDataType range="[1,4]">1</regDataType>
    <operation>WRITE</operation>
    <delayUs>0</delayUs>
  </regSetting>
  <regSetting>
    <registerAddr>0x30d</registerAddr>
    <registerData>0x50</registerData>
    <regAddrType range="[1,4]">2</regAddrType>
    <regDataType range="[1,4]">1</regDataType>
    <operation>WRITE</operation>
    <delayUs>0</delayUs>
  </regSetting>
  <regSetting>
    <registerAddr>0x30e</registerAddr>
    <registerData>0x02</registerData>
    <regAddrType range="[1,4]">2</regAddrType>
    <regDataType range="[1,4]">1</regDataType>
    <operation>WRITE</operation>
    <delayUs>0</delayUs>
  </regSetting>
  <regSetting>
    <registerAddr>0x3001</registerAddr>
    <registerData>0x00</registerData>
    <regAddrType range="[1,4]">2</regAddrType>
    <regDataType range="[1,4]">1</regDataType>
    <operation>WRITE</operation>
    <delayUs>0</delayUs>
  </regSetting>
  <regSetting>
    <registerAddr>0x3004</registerAddr>
    <registerData>0x00</registerData>
    <regAddrType range="[1,4]">2</regAddrType>
    <regDataType range="[1,4]">1</regDataType>
    <operation>WRITE</operation>
    <delayUs>0</delayUs>
  </regSetting>
  <regSetting>
    <registerAddr>0x3005</registerAddr>
    <registerData>0x00</registerData>
    <regAddrType range="[1,4]">2</regAddrType>
    <regDataType range="[1,4]">1</regDataType>
    <operation>WRITE</operation>
    <delayUs>0</delayUs>
  </regSetting>
  <regSetting>
    <registerAddr>0x3006</registerAddr>
    <registerData>0x04</registerData>
    <regAddrType range="[1,4]">2</regAddrType>
    <regDataType range="[1,4]">1</regDataType>
    <operation>WRITE</operation>
    <delayUs>0</delayUs>
  </regSetting>
  <regSetting>
    <registerAddr>0x3011</registerAddr>
    <registerData>0x0a</registerData>
    <regAddrType range="[1,4]">2</regAddrType>
    <regDataType range="[1,4]">1</regDataType>
    <operation>WRITE</operation>
    <delayUs>0</delayUs>
  </regSetting>
  <regSetting>
    <registerAddr>0x3013</registerAddr>
    <registerData>0x18</registerData>
    <regAddrType range="[1,4]">2</regAddrType>
    <regDataType range="[1,4]">1</regDataType>
    <operation>WRITE</operation>
    <delayUs>0</delayUs>
  </regSetting>
  <regSetting>
    <registerAddr>0x3022</registerAddr>
    <registerData>0x01</registerData>
    <regAddrType range="[1,4]">2</regAddrType>
    <regDataType range="[1,4]">1</regDataType>
    <operation>WRITE</operation>
    <delayUs>0</delayUs>
  </regSetting>
  <regSetting>
    <registerAddr>0x3030</registerAddr>
    <registerData>0x10</registerData>
    <regAddrType range="[1,4]">2</regAddrType>
    <regDataType range="[1,4]">1</regDataType>
    <operation>WRITE</operation>
    <delayUs>0</delayUs>
  </regSetting>
  <regSetting>
    <registerAddr>0x3039</registerAddr>
    <registerData>0x32</registerData>
    <regAddrType range="[1,4]">2</regAddrType>
    <regDataType range="[1,4]">1</regDataType>
    <operation>WRITE</operation>
    <delayUs>0</delayUs>
  </regSetting>
  <regSetting>
    <registerAddr>0x303a</registerAddr>
    <registerData>0x00</registerData>
    <regAddrType range="[1,4]">2</regAddrType>
    <regDataType range="[1,4]">1</regDataType>
    <operation>WRITE</operation>
    <delayUs>0</delayUs>
  </regSetting>
  <regSetting>
    <registerAddr>0x3500</registerAddr>
    <registerData>0x00</registerData>
    <regAddrType range="[1,4]">2</regAddrType>
    <regDataType range="[1,4]">1</regDataType>
    <operation>WRITE</operation>
    <delayUs>0</delayUs>
  </regSetting>
  <regSetting>
    <registerAddr>0x3501</registerAddr>
    <registerData>0x2a</registerData>
    <regAddrType range="[1,4]">2</regAddrType>
    <regDataType range="[1,4]">1</regDataType>
    <operation>WRITE</operation>
    <delayUs>0</delayUs>
  </regSetting>
  <regSetting>
    <registerAddr>0x3502</registerAddr>
    <registerData>0x90</registerData>
    <regAddrType range="[1,4]">2</regAddrType>
    <regDataType range="[1,4]">1</regDataType>
    <operation>WRITE</operation>
    <delayUs>0</delayUs>
  </regSetting>
  <regSetting>
    <registerAddr>0x3503</registerAddr>
    <registerData>0x08</registerData>
    <regAddrType range="[1,4]">2</regAddrType>
    <regDataType range="[1,4]">1</regDataType>
    <operation>WRITE</operation>
    <delayUs>0</delayUs>
  </regSetting>
  <regSetting>
    <registerAddr>0x3505</registerAddr>
    <registerData>0x8c</registerData>
    <regAddrType range="[1,4]">2</regAddrType>
    <regDataType range="[1,4]">1</regDataType>
    <operation>WRITE</operation>
    <delayUs>0</delayUs>
  </regSetting>
  <regSetting>
    <registerAddr>0x3507</registerAddr>
    <registerData>0x03</registerData>
    <regAddrType range="[1,4]">2</regAddrType>
    <regDataType range="[1,4]">1</regDataType>
    <operation>WRITE</operation>
    <delayUs>0</delayUs>
  </regSetting>
  <regSetting>
    <registerAddr>0x3508</registerAddr>
    <registerData>0x00</registerData>
    <regAddrType range="[1,4]">2</regAddrType>
    <regDataType range="[1,4]">1</regDataType>
    <operation>WRITE</operation>
    <delayUs>0</delayUs>
  </regSetting>
  <regSetting>
    <registerAddr>0x3509</registerAddr>
    <registerData>0x10</registerData>
    <regAddrType range="[1,4]">2</regAddrType>
    <regDataType range="[1,4]">1</regDataType>
    <operation>WRITE</operation>
    <delayUs>0</delayUs>
  </regSetting>
  <regSetting>
    <registerAddr>0x3610</registerAddr>
    <registerData>0x80</registerData>
    <regAddrType range="[1,4]">2</regAddrType>
    <regDataType range="[1,4]">1</regDataType>
    <operation>WRITE</operation>
    <delayUs>0</delayUs>
  </regSetting>
  <regSetting>
    <registerAddr>0x3611</registerAddr>
    <registerData>0xa0</registerData>
    <regAddrType range="[1,4]">2</regAddrType>
    <regDataType range="[1,4]">1</regDataType>
    <operation>WRITE</operation>
    <delayUs>0</delayUs>
  </regSetting>
  <regSetting>
    <registerAddr>0x3620</registerAddr>
    <registerData>0x6f</registerData>
    <regAddrType range="[1,4]">2</regAddrType>
    <regDataType range="[1,4]">1</regDataType>
    <operation>WRITE</operation>
    <delayUs>0</delayUs>
  </regSetting>
  <regSetting>
    <registerAddr>0x3632</registerAddr>
    <registerData>0x56</registerData>
    <regAddrType range="[1,4]">2</regAddrType>
    <regDataType range="[1,4]">1</regDataType>
    <operation>WRITE</operation>
    <delayUs>0</delayUs>
  </regSetting>
  <regSetting>
    <registerAddr>0x3633</registerAddr>
    <registerData>0x78</registerData>
    <regAddrType range="[1,4]">2</regAddrType>
    <regDataType range="[1,4]">1</regDataType>
    <operation>WRITE</operation>
    <delayUs>0</delayUs>
  </regSetting>
  <regSetting>
    <registerAddr>0x3662</registerAddr>
    <registerData>0x05</registerData>
    <regAddrType range="[1,4]">2</regAddrType>
    <regDataType range="[1,4]">1</regDataType>
    <operation>WRITE</operation>
    <delayUs>0</delayUs>
  </regSetting>
  <regSetting>
    <registerAddr>0x3666</registerAddr>
    <registerData>0x00</registerData>
    <regAddrType range="[1,4]">2</regAddrType>
    <regDataType range="[1,4]">1</regDataType>
    <operation>WRITE</operation>
    <delayUs>0</delayUs>
  </regSetting>
  <regSetting>
    <registerAddr>0x366f</registerAddr>
    <registerData>0x5a</registerData>
    <regAddrType range="[1,4]">2</regAddrType>
    <regDataType range="[1,4]">1</regDataType>
    <operation>WRITE</operation>
    <delayUs>0</delayUs>
  </regSetting>
  <regSetting>
    <registerAddr>0x3680</registerAddr>
    <registerData>0x84</registerData>
    <regAddrType range="[1,4]">2</regAddrType>
    <regDataType range="[1,4]">1</regDataType>
    <operation>WRITE</operation>
    <delayUs>0</delayUs>
  </regSetting>
  <regSetting>
    <registerAddr>0x3712</registerAddr>
    <registerData>0x80</registerData>
    <regAddrType range="[1,4]">2</regAddrType>
    <regDataType range="[1,4]">1</regDataType>
    <operation>WRITE</operation>
    <delayUs>0</delayUs>
  </regSetting>
  <regSetting>
    <registerAddr>0x372d</registerAddr>
    <registerData>0x22</registerData>
    <regAddrType range="[1,4]">2</regAddrType>
    <regDataType range="[1,4]">1</regDataType>
    <operation>WRITE</operation>
    <delayUs>0</delayUs>
  </regSetting>
  <regSetting>
    <registerAddr>0x3731</registerAddr>
    <registerData>0x80</registerData>
    <regAddrType range="[1,4]">2</regAddrType>
    <regDataType range="[1,4]">1</regDataType>
    <operation>WRITE</operation>
    <delayUs>0</delayUs>
  </regSetting>
  <regSetting>
    <registerAddr>0x3732</registerAddr>
    <registerData>0x30</registerData>
    <regAddrType range="[1,4]">2</regAddrType>
    <regDataType range="[1,4]">1</regDataType>
    <operation>WRITE</operation>
    <delayUs>0</delayUs>
  </regSetting>
  <regSetting>
    <registerAddr>0x3778</registerAddr>
    <registerData>0x00</registerData>
    <regAddrType range="[1,4]">2</regAddrType>
    <regDataType range="[1,4]">1</regDataType>
    <operation>WRITE</operation>
    <delayUs>0</delayUs>
  </regSetting>
  <regSetting>
    <registerAddr>0x377d</registerAddr>
    <registerData>0x22</registerData>
    <regAddrType range="[1,4]">2</regAddrType>
    <regDataType range="[1,4]">1</regDataType>
    <operation>WRITE</operation>
    <delayUs>0</delayUs>
  </regSetting>
  <regSetting>
    <registerAddr>0x3788</registerAddr>
    <registerData>0x02</registerData>
    <regAddrType range="[1,4]">2</regAddrType>
    <regDataType range="[1,4]">1</regDataType>
    <operation>WRITE</operation>
    <delayUs>0</delayUs>
  </regSetting>
  <regSetting>
    <registerAddr>0x3789</registerAddr>
    <registerData>0xa4</registerData>
    <regAddrType range="[1,4]">2</regAddrType>
    <regDataType range="[1,4]">1</regDataType>
    <operation>WRITE</operation>
    <delayUs>0</delayUs>
  </regSetting>
  <regSetting>
    <registerAddr>0x378a</registerAddr>
    <registerData>0x00</registerData>
    <regAddrType range="[1,4]">2</regAddrType>
    <regDataType range="[1,4]">1</regDataType>
    <operation>WRITE</operation>
    <delayUs>0</delayUs>
  </regSetting>
  <regSetting>
    <registerAddr>0x378b</registerAddr>
    <registerData>0x4a</registerData>
    <regAddrType range="[1,4]">2</regAddrType>
    <regDataType range="[1,4]">1</regDataType>
    <operation>WRITE</operation>
    <delayUs>0</delayUs>
  </regSetting>
  <regSetting>
    <registerAddr>0x3799</registerAddr>
    <registerData>0x20</registerData>
    <regAddrType range="[1,4]">2</regAddrType>
    <regDataType range="[1,4]">1</regDataType>
    <operation>WRITE</operation>
    <delayUs>0</delayUs>
  </regSetting>
  <regSetting>
    <registerAddr>0x3800</registerAddr>
    <registerData>0x00</registerData>
    <regAddrType range="[1,4]">2</regAddrType>
    <regDataType range="[1,4]">1</regDataType>
    <operation>WRITE</operation>
    <delayUs>0</delayUs>
  </regSetting>
  <regSetting>
    <registerAddr>0x3801</registerAddr>
    <registerData>0x00</registerData>
    <regAddrType range="[1,4]">2</regAddrType>
    <regDataType range="[1,4]">1</regDataType>
    <operation>WRITE</operation>
    <delayUs>0</delayUs>
  </regSetting>
  <regSetting>
    <registerAddr>0x3802</registerAddr>
    <registerData>0x00</registerData>
    <regAddrType range="[1,4]">2</regAddrType>
    <regDataType range="[1,4]">1</regDataType>
    <operation>WRITE</operation>
    <delayUs>0</delayUs>
  </regSetting>
  <regSetting>
    <registerAddr>0x3803</registerAddr>
    <registerData>0x00</registerData>
    <regAddrType range="[1,4]">2</regAddrType>
    <regDataType range="[1,4]">1</regDataType>
    <operation>WRITE</operation>
    <delayUs>0</delayUs>
  </regSetting>
  <regSetting>
    <registerAddr>0x3804</registerAddr>
    <registerData>0x05</registerData>
    <regAddrType range="[1,4]">2</regAddrType>
    <regDataType range="[1,4]">1</regDataType>
    <operation>WRITE</operation>
    <delayUs>0</delayUs>
  </regSetting>
  <regSetting>
    <registerAddr>0x3805</registerAddr>
    <registerData>0x0f</registerData>
    <regAddrType range="[1,4]">2</regAddrType>
    <regDataType range="[1,4]">1</regDataType>
    <operation>WRITE</operation>
    <delayUs>0</delayUs>
  </regSetting>
  <regSetting>
    <registerAddr>0x3806</registerAddr>
    <registerData>0x03</registerData>
    <regAddrType range="[1,4]">2</regAddrType>
    <regDataType range="[1,4]">1</regDataType>
    <operation>WRITE</operation>
    <delayUs>0</delayUs>
  </regSetting>
  <regSetting>
    <registerAddr>0x3807</registerAddr>
    <registerData>0x2f</registerData>
    <regAddrType range="[1,4]">2</regAddrType>
    <regDataType range="[1,4]">1</regDataType>
    <operation>WRITE</operation>
    <delayUs>0</delayUs>
  </regSetting>
  <regSetting>
    <registerAddr>0x3808</registerAddr>
    <registerData>0x05</registerData>
    <regAddrType range="[1,4]">2</regAddrType>
    <regDataType range="[1,4]">1</regDataType>
    <operation>WRITE</operation>
    <delayUs>0</delayUs>
  </regSetting>
  <regSetting>
    <registerAddr>0x3809</registerAddr>
    <registerData>0x00</registerData>
    <regAddrType range="[1,4]">2</regAddrType>
    <regDataType range="[1,4]">1</regDataType>
    <operation>WRITE</operation>
    <delayUs>0</delayUs>
  </regSetting>
  <regSetting>
    <registerAddr>0x380a</registerAddr>
    <registerData>0x03</registerData>
    <regAddrType range="[1,4]">2</regAddrType>
    <regDataType range="[1,4]">1</regDataType>
    <operation>WRITE</operation>
    <delayUs>0</delayUs>
  </regSetting>
  <regSetting>
    <registerAddr>0x380b</registerAddr>
    <registerData>0x20</registerData>
    <regAddrType range="[1,4]">2</regAddrType>
    <regDataType range="[1,4]">1</regDataType>
    <operation>WRITE</operation>
    <delayUs>0</delayUs>
  </regSetting>
  <regSetting>
    <registerAddr>0x380c</registerAddr>
    <registerData>0x02</registerData>
    <regAddrType range="[1,4]">2</regAddrType>
    <regDataType range="[1,4]">1</regDataType>
    <operation>WRITE</operation>
    <delayUs>0</delayUs>
  </regSetting>
  <regSetting>
    <registerAddr>0x380d</registerAddr>
    <registerData>0xd8</registerData>
    <regAddrType range="[1,4]">2</regAddrType>
    <regDataType range="[1,4]">1</regDataType>
    <operation>WRITE</operation>
    <delayUs>0</delayUs>
  </regSetting>
  <regSetting>
    <registerAddr>0x380e</registerAddr>
    <registerData>0x0e</registerData>
    <regAddrType range="[1,4]">2</regAddrType>
    <regDataType range="[1,4]">1</regDataType>
    <operation>WRITE</operation>
    <delayUs>0</delayUs>
  </regSetting>
  <regSetting>
    <registerAddr>0x380f</registerAddr>
    <registerData>0x38</registerData>
    <regAddrType range="[1,4]">2</regAddrType>
    <regDataType range="[1,4]">1</regDataType>
    <operation>WRITE</operation>
    <delayUs>0</delayUs>
  </regSetting>
  <regSetting>
    <registerAddr>0x3810</registerAddr>
    <registerData>0x00</registerData>
    <regAddrType range="[1,4]">2</regAddrType>
    <regDataType range="[1,4]">1</regDataType>
    <operation>WRITE</operation>
    <delayUs>0</delayUs>
  </regSetting>
  <regSetting>
    <registerAddr>0x3811</registerAddr>
    <registerData>0x08</registerData>
    <regAddrType range="[1,4]">2</regAddrType>
    <regDataType range="[1,4]">1</regDataType>
    <operation>WRITE</operation>
    <delayUs>0</delayUs>
  </regSetting>
  <regSetting>
    <registerAddr>0x3812</registerAddr>
    <registerData>0x00</registerData>
    <regAddrType range="[1,4]">2</regAddrType>
    <regDataType range="[1,4]">1</regDataType>
    <operation>WRITE</operation>
    <delayUs>0</delayUs>
  </regSetting>
  <regSetting>
    <registerAddr>0x3813</registerAddr>
    <registerData>0x08</registerData>
    <regAddrType range="[1,4]">2</regAddrType>
    <regDataType range="[1,4]">1</regDataType>
    <operation>WRITE</operation>
    <delayUs>0</delayUs>
  </regSetting>
  <regSetting>
    <registerAddr>0x3814</registerAddr>
    <registerData>0x11</registerData>
    <regAddrType range="[1,4]">2</regAddrType>
    <regDataType range="[1,4]">1</regDataType>
    <operation>WRITE</operation>
    <delayUs>0</delayUs>
  </regSetting>
  <regSetting>
    <registerAddr>0x3815</registerAddr>
    <registerData>0x11</registerData>
    <regAddrType range="[1,4]">2</regAddrType>
    <regDataType range="[1,4]">1</regDataType>
    <operation>WRITE</operation>
    <delayUs>0</delayUs>
  </regSetting>
  <regSetting>
    <registerAddr>0x3881</registerAddr>
    <registerData>0x42</registerData>
    <regAddrType range="[1,4]">2</regAddrType>
    <regDataType range="[1,4]">1</regDataType>
    <operation>WRITE</operation>
    <delayUs>0</delayUs>
  </regSetting>
  <regSetting>
    <registerAddr>0x38b1</registerAddr>
    <registerData>0x00</registerData>
    <regAddrType range="[1,4]">2</regAddrType>
    <regDataType range="[1,4]">1</regDataType>
    <operation>WRITE</operation>
    <delayUs>0</delayUs>
  </regSetting>
  <regSetting>
    <registerAddr>0x3920</registerAddr>
    <registerData>0xff</registerData>
    <regAddrType range="[1,4]">2</regAddrType>
    <regDataType range="[1,4]">1</regDataType>
    <operation>WRITE</operation>
    <delayUs>0</delayUs>
  </regSetting>
  <regSetting>
    <registerAddr>0x4003</registerAddr>
    <registerData>0x40</registerData>
    <regAddrType range="[1,4]">2</regAddrType>
    <regDataType range="[1,4]">1</regDataType>
    <operation>WRITE</operation>
    <delayUs>0</delayUs>
  </regSetting>
  <regSetting>
    <registerAddr>0x4008</registerAddr>
    <registerData>0x04</registerData>
    <regAddrType range="[1,4]">2</regAddrType>
    <regDataType range="[1,4]">1</regDataType>
    <operation>WRITE</operation>
    <delayUs>0</delayUs>
  </regSetting>
  <regSetting>
    <registerAddr>0x4009</registerAddr>
    <registerData>0x0b</registerData>
    <regAddrType range="[1,4]">2</regAddrType>
    <regDataType range="[1,4]">1</regDataType>
    <operation>WRITE</operation>
    <delayUs>0</delayUs>
  </regSetting>
  <regSetting>
    <registerAddr>0x400c</registerAddr>
    <registerData>0x00</registerData>
    <regAddrType range="[1,4]">2</regAddrType>
    <regDataType range="[1,4]">1</regDataType>
    <operation>WRITE</operation>
    <delayUs>0</delayUs>
  </regSetting>
  <regSetting>
    <registerAddr>0x400d</registerAddr>
    <registerData>0x07</registerData>
    <regAddrType range="[1,4]">2</regAddrType>
    <regDataType range="[1,4]">1</regDataType>
    <operation>WRITE</operation>
    <delayUs>0</delayUs>
  </regSetting>
  <regSetting>
    <registerAddr>0x4010</registerAddr>
    <registerData>0x40</registerData>
    <regAddrType range="[1,4]">2</regAddrType>
    <regDataType range="[1,4]">1</regDataType>
    <operation>WRITE</operation>
    <delayUs>0</delayUs>
  </regSetting>
  <regSetting>
    <registerAddr>0x4043</registerAddr>
    <registerData>0x40</registerData>
    <regAddrType range="[1,4]">2</regAddrType>
    <regDataType range="[1,4]">1</regDataType>
    <operation>WRITE</operation>
    <delayUs>0</delayUs>
  </regSetting>
  <regSetting>
    <registerAddr>0x4307</registerAddr>
    <registerData>0x30</registerData>
    <regAddrType range="[1,4]">2</regAddrType>
    <regDataType range="[1,4]">1</regDataType>
    <operation>WRITE</operation>
    <delayUs>0</delayUs>
  </regSetting>
  <regSetting>
    <registerAddr>0x4317</registerAddr>
    <registerData>0x00</registerData>
    <regAddrType range="[1,4]">2</regAddrType>
    <regDataType range="[1,4]">1</regDataType>
    <operation>WRITE</operation>
    <delayUs>0</delayUs>
  </regSetting>
  <regSetting>
    <registerAddr>0x4501</registerAddr>
    <registerData>0x00</registerData>
    <regAddrType range="[1,4]">2</regAddrType>
    <regDataType range="[1,4]">1</regDataType>
    <operation>WRITE</operation>
    <delayUs>0</delayUs>
  </regSetting>
  <regSetting>
    <registerAddr>0x4507</registerAddr>
    <registerData>0x00</registerData>
    <regAddrType range="[1,4]">2</regAddrType>
    <regDataType range="[1,4]">1</regDataType>
    <operation>WRITE</operation>
    <delayUs>0</delayUs>
  </regSetting>
  <regSetting>
    <registerAddr>0x4509</registerAddr>
    <registerData>0x00</registerData>
    <regAddrType range="[1,4]">2</regAddrType>
    <regDataType range="[1,4]">1</regDataType>
    <operation>WRITE</operation>
    <delayUs>0</delayUs>
  </regSetting>
  <regSetting>
    <registerAddr>0x450a</registerAddr>
    <registerData>0x08</registerData>
    <regAddrType range="[1,4]">2</regAddrType>
    <regDataType range="[1,4]">1</regDataType>
    <operation>WRITE</operation>
    <delayUs>0</delayUs>
  </regSetting>
  <regSetting>
    <registerAddr>0x4601</registerAddr>
    <registerData>0x04</registerData>
    <regAddrType range="[1,4]">2</regAddrType>
    <regDataType range="[1,4]">1</regDataType>
    <operation>WRITE</operation>
    <delayUs>0</delayUs>
  </regSetting>
  <regSetting>
    <registerAddr>0x470f</registerAddr>
    <registerData>0x00</registerData>
    <regAddrType range="[1,4]">2</regAddrType>
    <regDataType range="[1,4]">1</regDataType>
    <operation>WRITE</operation>
    <delayUs>0</delayUs>
  </regSetting>
  <regSetting>
    <registerAddr>0x4f07</registerAddr>
    <registerData>0x00</registerData>
    <regAddrType range="[1,4]">2</regAddrType>
    <regDataType range="[1,4]">1</regDataType>
    <operation>WRITE</operation>
    <delayUs>0</delayUs>
  </regSetting>
  <regSetting>
    <registerAddr>0x4800</registerAddr>
    <registerData>0x00</registerData>
    <regAddrType range="[1,4]">2</regAddrType>
    <regDataType range="[1,4]">1</regDataType>
    <operation>WRITE</operation>
    <delayUs>0</delayUs>
  </regSetting>
  <regSetting>
    <registerAddr>0x5000</registerAddr>
    <registerData>0x9f</registerData>
    <regAddrType range="[1,4]">2</regAddrType>
    <regDataType range="[1,4]">1</regDataType>
    <operation>WRITE</operation>
    <delayUs>0</delayUs>
  </regSetting>
  <regSetting>
    <registerAddr>0x5001</registerAddr>
    <registerData>0x00</registerData>
    <regAddrType range="[1,4]">2</regAddrType>
    <regDataType range="[1,4]">1</regDataType>
    <operation>WRITE</operation>
    <delayUs>0</delayUs>
  </regSetting>
  <regSetting>
    <registerAddr>0x5e00</registerAddr>
    <registerData>0x00</registerData>
    <regAddrType range="[1,4]">2</regAddrType>
    <regDataType range="[1,4]">1</regDataType>
    <operation>WRITE</operation>
    <delayUs>0</delayUs>
  </regSetting>
  <regSetting>
    <registerAddr>0x5d00</registerAddr>
    <registerData>0x07</registerData>
    <regAddrType range="[1,4]">2</regAddrType>
    <regDataType range="[1,4]">1</regDataType>
    <operation>WRITE</operation>
    <delayUs>0</delayUs>
  </regSetting>
  <regSetting>
    <registerAddr>0x5d01</registerAddr>
    <registerData>0x00</registerData>
    <regAddrType range="[1,4]">2</regAddrType>
    <regDataType range="[1,4]">1</regDataType>
    <operation>WRITE</operation>
    <delayUs>0</delayUs>
  </regSetting>
  <regSetting>
    <registerAddr>0x100</registerAddr>
    <registerData>0x00</registerData>
    <regAddrType range="[1,4]">2</regAddrType>
    <regDataType range="[1,4]">1</regDataType>
    <operation>WRITE</operation>
    <delayUs>0</delayUs>
  </regSetting>
</resSettings>
